random	
[agentO] : 1	
random	
[agentX] : 5	
random	
[agentO] : 8	
random	
[agentX] : 2	
random	
[agentO] : 9	
random	
[agentX] : 3	
random	
[agentO] : 4	
random	
[agentX] : 7	
Epoch 1: [X Win] [WinO Rate = 0.00 WinX Rate = 100.00 Draw Rate = 0.00] err = 8.71374 : err = 6.11877 : WinO count 0 : WinX count 1 : Draw Count 0	
-1  1  1
-1  1  0
 1 -1 -1
[torch.DoubleTensor of size 3x3]

action: 1	
 0  0  0
 0  0  0
 0  0  0
[torch.DoubleTensor of size 3x3]

[agentO] : 1	
random	
[agentX] : 2	
random	
[agentO] : 7	
random	
[agentX] : 5	
random	
[agentO] : 9	
random	
[agentX] : 3	
random	
[agentO] : 6	
random	
[agentX] : 8	
Epoch 2: [X Win] [WinO Rate = 0.00 WinX Rate = 100.00 Draw Rate = 0.00] err = 6.02782 : err = 7.03978 : WinO count 0 : WinX count 2 : Draw Count 0	
-1  1  1
 0  1 -1
-1  1 -1
[torch.DoubleTensor of size 3x3]

random	
[agentO] : 4	
random	
[agentX] : 3	
random	
[agentO] : 8	
random	
[agentX] : 9	
random	
[agentO] : 2	
random	
[agentX] : 6	
Epoch 3: [X Win] [WinO Rate = 0.00 WinX Rate = 100.00 Draw Rate = 0.00] err = 3.30036 : err = 3.91152 : WinO count 0 : WinX count 3 : Draw Count 0	
 0 -1  1
-1  0  1
 0 -1  1
[torch.DoubleTensor of size 3x3]

random	
[agentO] : 5	
random	
[agentX] : 6	
random	
[agentO] : 7	
random	
[agentX] : 1	
random	
[agentO] : 3	
Epoch 4: [O Win] [WinO Rate = 25.00 WinX Rate = 75.00 Draw Rate = 0.00] err = 4.75051 : err = 3.61037 : WinO count 1 : WinX count 3 : Draw Count 0	
 1  0 -1
 0 -1  1
-1  0  0
[torch.DoubleTensor of size 3x3]

random	
[agentO] : 3	
random	
[agentX] : 4	
random	
[agentO] : 1	
random	
[agentX] : 5	
random	
[agentO] : 7	
random	
[agentX] : 8	
action: 2	
-1  0 -1
 1  1  0
-1  1  0
[torch.DoubleTensor of size 3x3]

[agentO] : 2	
Epoch 5: [O Win] [WinO Rate = 40.00 WinX Rate = 60.00 Draw Rate = 0.00] err = 5.09854 : err = 3.55115 : WinO count 2 : WinX count 3 : Draw Count 0	
-1 -1 -1
 1  1  0
-1  1  0
[torch.DoubleTensor of size 3x3]

random	
[agentO] : 5	
random	
[agentX] : 4	
random	
[agentO] : 9	
random	
[agentX] : 1	
random	
[agentO] : 8	
random	
[agentX] : 7	
Epoch 6: [X Win] [WinO Rate = 33.33 WinX Rate = 66.67 Draw Rate = 0.00] err = 2.76672 : err = 2.42297 : WinO count 2 : WinX count 4 : Draw Count 0	
 1  0  0
 1 -1  0
 1 -1 -1
[torch.DoubleTensor of size 3x3]

random	
[agentO] : 3	
random	
[agentX] : 7	
random	
[agentO] : 5	
random	
[agentX] : 6	
random	
[agentO] : 4	
random	
[agentX] : 1	
random	
[agentO] : 9	
random	
[agentX] : 8	
random	
[agentO] : 2	
Epoch 7: [Draw] [WinO Rate = 28.57 WinX Rate = 57.14 Draw Rate = 14.29] err = 4.61349 : err = 4.21723 : WinO count 2 : WinX count 4 : Draw Count 1	
 1 -1 -1
-1 -1  1
 1  1 -1
[torch.DoubleTensor of size 3x3]

random	
[agentO] : 3	
random	
[agentX] : 9	
random	
[agentO] : 6	
random	
[agentX] : 4	
random	
[agentO] : 2	
action: 5	
 0 -1 -1
 1  0 -1
 0  0  1
[torch.DoubleTensor of size 3x3]

[agentX] : 5	
random	
[agentO] : 1	
Epoch 8: [O Win] [WinO Rate = 37.50 WinX Rate = 50.00 Draw Rate = 12.50] err = 2.79008 : err = 2.13779 : WinO count 3 : WinX count 4 : Draw Count 1	
-1 -1 -1
 1  1 -1
 0  0  1
[torch.DoubleTensor of size 3x3]

random	
[agentO] : 1	
random	
[agentX] : 7	
random	
[agentO] : 8	
random	
[agentX] : 2	
random	
[agentO] : 3	
random	
[agentX] : 9	
random	
[agentO] : 6	
random	
[agentX] : 4	
random	
[agentO] : 5	
Epoch 9: [Draw] [WinO Rate = 33.33 WinX Rate = 44.44 Draw Rate = 22.22] err = 4.00859 : err = 4.61152 : WinO count 3 : WinX count 4 : Draw Count 2	
-1  1 -1
 1 -1 -1
 1 -1  1
[torch.DoubleTensor of size 3x3]

random	
[agentO] : 6	
random	
[agentX] : 8	
random	
[agentO] : 3	
random	
[agentX] : 1	
random	
[agentO] : 2	
random	
[agentX] : 5	
random	
[agentO] : 4	
random	
[agentX] : 9	
Epoch 10: [X Win] [WinO Rate = 30.00 WinX Rate = 50.00 Draw Rate = 20.00] err = 4.01478 : err = 4.86010 : WinO count 3 : WinX count 5 : Draw Count 2	
 1 -1 -1
-1  1 -1
 0  1  1
[torch.DoubleTensor of size 3x3]

random	
[agentO] : 4	
random	
[agentX] : 8	
random	
[agentO] : 9	
random	
[agentX] : 3	
random	
[agentO] : 2	
random	
[agentX] : 7	
random	
[agentO] : 5	
random	
[agentX] : 6	
random	
[agentO] : 1	
Epoch 11: [O Win] [WinO Rate = 36.36 WinX Rate = 45.45 Draw Rate = 18.18] err = 5.71204 : err = 5.28037 : WinO count 4 : WinX count 5 : Draw Count 2	
-1 -1  1
-1 -1  1
 1  1 -1
[torch.DoubleTensor of size 3x3]

random	
[agentO] : 5	
random	
[agentX] : 1	
random	
[agentO] : 2	
random	
[agentX] : 4	
random	
[agentO] : 9	
random	
[agentX] : 3	
random	
[agentO] : 7	
random	
[agentX] : 8	
random	
[agentO] : 6	
Epoch 12: [Draw] [WinO Rate = 33.33 WinX Rate = 41.67 Draw Rate = 25.00] err = 5.79101 : err = 4.24133 : WinO count 4 : WinX count 5 : Draw Count 3	
 1 -1  1
 1 -1 -1
-1  1 -1
[torch.DoubleTensor of size 3x3]

random	
[agentO] : 6	
random	
[agentX] : 7	
random	
[agentO] : 4	
random	
[agentX] : 1	
action: 3	
 1  0  0
-1  0 -1
 1  0  0
[torch.DoubleTensor of size 3x3]

[agentO] : 3	
random	
[agentX] : 9	
random	
[agentO] : 2	
random	
[agentX] : 8	
Epoch 13: [X Win] [WinO Rate = 30.77 WinX Rate = 46.15 Draw Rate = 23.08] err = 4.23382 : err = 3.37563 : WinO count 4 : WinX count 6 : Draw Count 3	
 1 -1 -1
-1  0 -1
 1  1  1
[torch.DoubleTensor of size 3x3]

random	
[agentO] : 9	
random	
[agentX] : 3	
random	
[agentO] : 7	
random	
[agentX] : 2	
action: 6	
 0  1  1
 0  0  0
-1  0 -1
[torch.DoubleTensor of size 3x3]

[agentO] : 6	
random	
[agentX] : 1	
Epoch 14: [X Win] [WinO Rate = 28.57 WinX Rate = 50.00 Draw Rate = 21.43] err = 3.41619 : err = 2.59296 : WinO count 4 : WinX count 7 : Draw Count 3	
 1  1  1
 0  0 -1
-1  0 -1
[torch.DoubleTensor of size 3x3]

random	
[agentO] : 4	
random	
[agentX] : 3	
random	
[agentO] : 8	
random	
[agentX] : 5	
random	
[agentO] : 9	
random	
[agentX] : 1	
random	
[agentO] : 6	
random	
[agentX] : 7	
Epoch 15: [X Win] [WinO Rate = 26.67 WinX Rate = 53.33 Draw Rate = 20.00] err = 3.41476 : err = 5.93728 : WinO count 4 : WinX count 8 : Draw Count 3	
 1  0  1
-1  1 -1
 1 -1 -1
[torch.DoubleTensor of size 3x3]

random	
[agentO] : 9	
random	
[agentX] : 5	
random	
[agentO] : 8	
random	
[agentX] : 1	
random	
[agentO] : 7	
Epoch 16: [O Win] [WinO Rate = 31.25 WinX Rate = 50.00 Draw Rate = 18.75] err = 2.68978 : err = 2.95686 : WinO count 5 : WinX count 8 : Draw Count 3	
 1  0  0
 0  1  0
-1 -1 -1
[torch.DoubleTensor of size 3x3]

random	
[agentO] : 1	
random	
[agentX] : 6	
random	
[agentO] : 7	
random	
[agentX] : 5	
random	
[agentO] : 4	
Epoch 17: [O Win] [WinO Rate = 35.29 WinX Rate = 47.06 Draw Rate = 17.65] err = 4.30218 : err = 2.07445 : WinO count 6 : WinX count 8 : Draw Count 3	
-1  0  0
-1  1  1
-1  0  0
[torch.DoubleTensor of size 3x3]

random	
[agentO] : 6	
action: 1	
 0  0  0
 0  0 -1
 0  0  0
[torch.DoubleTensor of size 3x3]

[agentX] : 1	
random	
[agentO] : 2	
random	
[agentX] : 9	
random	
[agentO] : 3	
random	
[agentX] : 5	
Epoch 18: [X Win] [WinO Rate = 33.33 WinX Rate = 50.00 Draw Rate = 16.67] err = 2.42549 : err = 2.71941 : WinO count 6 : WinX count 9 : Draw Count 3	
 1 -1 -1
 0  1 -1
 0  0  1
[torch.DoubleTensor of size 3x3]

random	
[agentO] : 1	
random	
[agentX] : 6	
random	
[agentO] : 8	
random	
[agentX] : 3	
action: 7	
-1  0  1
 0  0  1
 0 -1  0
[torch.DoubleTensor of size 3x3]

[agentO] : 7	
random	
[agentX] : 4	
random	
[agentO] : 5	
random	
[agentX] : 9	
Epoch 19: [X Win] [WinO Rate = 31.58 WinX Rate = 52.63 Draw Rate = 15.79] err = 3.80041 : err = 3.73196 : WinO count 6 : WinX count 10 : Draw Count 3	
-1  0  1
 1 -1  1
-1 -1  1
[torch.DoubleTensor of size 3x3]

random	
[agentO] : 2	
random	
[agentX] : 1	
random	
[agentO] : 9	
random	
[agentX] : 7	
random	
[agentO] : 8	
random	
[agentX] : 3	
random	
[agentO] : 4	
random	
[agentX] : 5	
Epoch 20: [X Win] [WinO Rate = 30.00 WinX Rate = 55.00 Draw Rate = 15.00] err = 3.46040 : err = 4.48037 : WinO count 6 : WinX count 11 : Draw Count 3	
 1 -1  1
-1  1  0
 1 -1 -1
[torch.DoubleTensor of size 3x3]

random	
[agentO] : 3	
random	
[agentX] : 8	
random	
[agentO] : 7	
random	
[agentX] : 9	
random	
[agentO] : 6	
random	
[agentX] : 2	
random	
[agentO] : 4	
random	
[agentX] : 5	
Epoch 21: [X Win] [WinO Rate = 28.57 WinX Rate = 57.14 Draw Rate = 14.29] err = 3.07868 : err = 4.17005 : WinO count 6 : WinX count 12 : Draw Count 3	
 0  1 -1
-1  1 -1
-1  1  1
[torch.DoubleTensor of size 3x3]

random	
[agentO] : 6	
random	
[agentX] : 2	
random	
[agentO] : 3	
random	
[agentX] : 8	
random	
[agentO] : 5	
random	
[agentX] : 1	
random	
[agentO] : 4	
Epoch 22: [O Win] [WinO Rate = 31.82 WinX Rate = 54.55 Draw Rate = 13.64] err = 3.60706 : err = 4.89829 : WinO count 7 : WinX count 12 : Draw Count 3	
 1  1 -1
-1 -1 -1
 0  1  0
[torch.DoubleTensor of size 3x3]

random	
[agentO] : 8	
random	
[agentX] : 6	
