Current state: 
|0|0|0|
|0|0|0|
|0|0|0|
Selecting the best position ... 
Action 5 was selected 

Current state: 
|0|0|0|
|0|-1|0|
|1|0|0|
Selecting the best position ... 
Action 4 was selected 

Current state: 
|1|0|0|
|-1|-1|0|
|1|0|0|
Selecting the best position ... 
Action 9 was selected 

Current state: 
|1|0|1|
|-1|-1|0|
|1|0|-1|
Selecting the best position ... 
Action 2 was selected 

Current state: 
|1|-1|1|
|-1|-1|0|
|1|1|-1|
Selecting the best position ... 
Action 6 was selected 

Current state: 
|0|0|0|
|0|0|0|
|0|0|0|
Selecting the best position ... 
Action 5 was selected 

Current state: 
|0|0|0|
|0|-1|0|
|0|0|1|
Selecting the best position ... 
Action 2 was selected 

Current state: 
|0|-1|0|
|0|-1|1|
|0|0|1|
Selecting the best position ... 
Action 8 was selected 

Current state: 
|0|-1|0|
|0|-1|1|
|0|-1|1|
Selecting the best position ... 
Action 4 was selected 

Current state: 
|0|0|0|
|0|0|0|
|0|0|0|
Selecting the best position ... 
Action 5 was selected 

Current state: 
|0|0|1|
|0|-1|0|
|0|0|0|
Selecting the best position ... 
Action 2 was selected 

Current state: 
|0|-1|1|
|0|-1|1|
|0|0|0|
Selecting the best position ... 
Action 8 was selected 

Current state: 
|1|0|0|
|0|0|0|
|0|0|0|
Selecting the best position ... 
Action 2 was selected 

Current state: 
|0|0|0|
|0|0|0|
|0|0|0|
Selecting the best position ... 
Action 5 was selected 

Current state: 
|0|0|1|
|0|-1|0|
|0|0|0|
Selecting the best position ... 
Action 2 was selected 

Current state: 
|1|-1|1|
|0|-1|0|
|0|0|0|
Selecting the best position ... 
Action 4 was selected 

Current state: 
|1|-1|1|
|-1|-1|0|
|1|0|0|
Selecting the best position ... 
Action 8 was selected 

Current state: 
|0|0|0|
|0|0|0|
|0|0|0|
Selecting the best position ... 
Action 5 was selected 

Current state: 
|0|0|0|
|0|-1|0|
|0|0|1|
Selecting the best position ... 
Action 2 was selected 

Current state: 
|0|-1|0|
|0|-1|0|
|0|1|1|
Selecting the best position ... 
Action 7 was selected 

Current state: 
|0|-1|0|
|1|-1|0|
|-1|1|1|
Selecting the best position ... 
Action 6 was selected 

Current state: 
|1|-1|0|
|1|-1|-1|
|-1|1|1|
Selecting the best position ... 
Action 3 was selected 

Current state: 
|0|0|0|
|0|0|0|
|0|0|0|
Selecting the best position ... 
Action 5 was selected 

Current state: 
|0|0|0|
|0|-1|0|
|1|0|0|
Selecting the best position ... 
Action 4 was selected 

Current state: 
|0|0|0|
|-1|-1|0|
|1|1|0|
Selecting the best position ... 
Action 9 was selected 

Current state: 
|0|0|0|
|0|0|0|
|0|0|0|
Selecting the best position ... 
Action 5 was selected 

Current state: 
|1|0|0|
|0|-1|0|
|0|0|0|
Selecting the best position ... 
Action 4 was selected 

Current state: 
|1|1|0|
|-1|-1|0|
|0|0|0|
Selecting the best position ... 
Action 6 was selected 

Current state: 
|0|0|0|
|0|0|0|
|0|0|0|
Selecting the best position ... 
Action 5 was selected 

Current state: 
|0|1|0|
|0|-1|0|
|0|0|0|
Selecting the best position ... 
Action 4 was selected 

Current state: 
|0|1|1|
|-1|-1|0|
|0|0|0|
Selecting the best position ... 
Action 6 was selected 

Current state: 
|0|0|1|
|0|0|0|
|0|0|0|
Selecting the best position ... 
Action 6 was selected 

Current state: 
|0|0|0|
|0|0|0|
|0|0|0|
Selecting the best position ... 
Action 5 was selected 

Current state: 
|0|0|1|
|0|-1|0|
|0|0|0|
Selecting the best position ... 
Action 2 was selected 

Current state: 
|0|-1|1|
|0|-1|1|
|0|0|0|
Selecting the best position ... 
Action 8 was selected 

Current state: 
|0|0|0|
|0|0|1|
|0|0|0|
Selecting the best position ... 
Action 7 was selected 

Current state: 
|0|0|0|
|0|0|0|
|0|0|0|
Selecting the best position ... 
Action 5 was selected 

Current state: 
|0|0|0|
|0|-1|1|
|0|0|0|
Selecting the best position ... 
Action 2 was selected 

Current state: 
|0|-1|0|
|0|-1|1|
|0|0|1|
Selecting the best position ... 
Action 8 was selected 

Current state: 
|0|0|0|
|0|0|0|
|0|0|0|
Selecting the best position ... 
Action 5 was selected 

Current state: 
|0|0|0|
|0|-1|1|
|0|0|0|
Selecting the best position ... 
Action 2 was selected 

Current state: 
|0|-1|1|
|0|-1|1|
|0|0|0|
Selecting the best position ... 
Action 8 was selected 

Current state: 
|0|0|0|
|0|0|0|
|0|0|0|
Selecting the best position ... 
Action 5 was selected 

Current state: 
|0|0|0|
|0|-1|0|
|0|0|1|
Selecting the best position ... 
Action 2 was selected 

Current state: 
|0|-1|0|
|0|-1|0|
|1|0|1|
Selecting the best position ... 
Action 8 was selected 

Current state: 
|0|0|0|
|0|0|0|
|0|0|0|
Selecting the best position ... 
Action 5 was selected 

Current state: 
|0|0|0|
|0|-1|0|
|0|0|1|
Selecting the best position ... 
Action 2 was selected 

Current state: 
|0|-1|0|
|0|-1|0|
|0|1|1|
Selecting the best position ... 
Action 7 was selected 

Current state: 
|0|0|0|
|0|0|0|
|0|0|0|
Selecting the best position ... 
Action 5 was selected 

Current state: 
|0|0|0|
|1|-1|0|
|0|0|0|
Selecting the best position ... 
Action 8 was selected 

Current state: 
|0|0|0|
|1|-1|0|
|1|-1|0|
Selecting the best position ... 
Action 2 was selected 

Current state: 
|0|0|0|
|0|0|0|
|0|0|0|
Selecting the best position ... 
Action 5 was selected 

Current state: 
|0|0|0|
|1|-1|0|
|0|0|0|
Selecting the best position ... 
Action 8 was selected 

Current state: 
|1|0|0|
|1|-1|0|
|0|-1|0|
Selecting the best position ... 
Action 2 was selected 

Current state: 
|0|0|0|
|0|0|0|
|0|0|0|
Selecting the best position ... 
Action 5 was selected 

Current state: 
|0|0|0|
|0|-1|0|
|1|0|0|
Selecting the best position ... 
Action 4 was selected 

Current state: 
|0|0|0|
|-1|-1|1|
|1|0|0|
Selecting the best position ... 
Action 2 was selected 

Current state: 
|0|-1|0|
|-1|-1|1|
|1|1|0|
Selecting the best position ... 
Action 9 was selected 

Current state: 
|1|-1|0|
|-1|-1|1|
|1|1|-1|
Selecting the best position ... 
Action 3 was selected 

Current state: 
|0|0|0|
|0|0|0|
|0|0|0|
Selecting the best position ... 
Action 5 was selected 

Current state: 
|0|0|1|
|0|-1|0|
|0|0|0|
Selecting the best position ... 
Action 2 was selected 

Current state: 
|0|-1|1|
|0|-1|0|
|1|0|0|
Selecting the best position ... 
Action 8 was selected 

Current state: 
|0|0|0|
|0|0|0|
|0|0|0|
Selecting the best position ... 
Action 5 was selected 

Current state: 
|1|0|0|
|0|-1|0|
|0|0|0|
Selecting the best position ... 
Action 4 was selected 

Current state: 
|1|0|0|
|-1|-1|1|
|0|0|0|
Selecting the best position ... 
Action 2 was selected 

Current state: 
|1|-1|0|
|-1|-1|1|
|0|0|1|
Selecting the best position ... 
Action 8 was selected 

