Waiting for user input ...
User decieded action
|0|0|0|
|0|-1|0|
|0|1|1|

User decieded action
|-1|0|0|
|0|-1|0|
|0|1|1|

User decieded action
|-1|0|0|
|0|-1|0|
|-1|1|1|

User decieded action
|-1|0|0|
|1|-1|-1|
|-1|1|1|

User decieded action
|-1|0|-1|
|1|-1|0|
|-1|1|1|

User decieded action
|-1|0|-1|
|0|-1|0|
|-1|1|1|

User decieded action
|-1|0|-1|
|0|-1|0|
|-1|1|1|

User decieded action
|-1|0|-1|
|0|-1|0|
|-1|1|1|

User decieded action
|-1|0|-1|
|0|-1|0|
|-1|1|1|

User decieded action
|-1|0|-1|
|0|-1|0|
|-1|1|1|

Waiting for user input ...
Waiting for user input ...
Waiting for user input ...
Waiting for user input ...
Waiting for user input ...
Waiting for user input ...
Waiting for user input ...
Waiting for user input ...
Waiting for user input ...
Waiting for user input ...
User decieded action
|0|0|0|
|0|-1|0|
|0|0|1|

Waiting for user input ...
User decieded action
|0|-1|0|
|0|-1|0|
|0|0|1|

Waiting for user input ...
Waiting for user input ...
Waiting for user input ...
User decieded action
|0|-1|0|
|0|-1|0|
|0|1|1|

Waiting for user input ...
Waiting for user input ...
User decieded action
|0|-1|0|
|0|-1|0|
|-1|1|1|

Waiting for user input ...
Waiting for user input ...
User decieded action
|0|-1|1|
|0|-1|1|
|-1|1|1|

Waiting for user input ...
Waiting for user input ...
User decieded action
|0|-1|1|
|0|-1|-1|
|-1|1|1|

Waiting for user input ...
Waiting for user input ...
User decieded action
|0|-1|1|
|0|-1|-1|
|-1|1|1|

Waiting for user input ...
Waiting for user input ...
User decieded action
|0|-1|1|
|0|-1|-1|
|-1|1|1|

Waiting for user input ...
Waiting for user input ...
User decieded action
|0|-1|1|
|1|-1|-1|
|-1|1|1|

Waiting for user input ...
Waiting for user input ...
Waiting for user input ...
Waiting for user input ...
Waiting for user input ...
User decieded action
|-1|-1|1|
|1|-1|-1|
|0|1|1|

Waiting for user input ...
Waiting for user input ...
User decieded action
|0|0|1|
|1|0|0|
|0|1|1|

Waiting for user input ...
User decieded action
|0|0|1|
|1|0|0|
|0|1|1|

Waiting for user input ...
Waiting for user input ...
User decieded action
|0|0|1|
|1|0|0|
|0|1|1|

Waiting for user input ...
Waiting for user input ...
User decieded action
|0|0|1|
|1|0|0|
|0|1|1|

Waiting for user input ...
